# JRE version: OpenJDK Runtime Environment Temurin-17.0.10+7 (17.0.10+7) (build 17.0.10+7)
# Java VM: OpenJDK 64-Bit Server VM Temurin-17.0.10+7 (17.0.10+7, mixed mode, sharing, tiered, compressed oops, compressed class ptrs, g1 gc, windows-amd64)
GC Precious Log:
 CPUs: 4 total, 4 available
 Memory: 16312M
 Large Page Support: Disabled
 NUMA Support: Disabled
 Compressed Oops: Enabled (32-bit)
 Heap Region Size: 1M
 Heap Min Capacity: 8M
 Heap Initial Capacity: 256M
 Heap Max Capacity: 1G
 Pre-touch: Disabled
 Parallel Workers: 4
 Concurrent Workers: 1
 Concurrent Refinement Workers: 4
 Periodic GC: Disabled
Heap:
 garbage-first heap   total 133120K, used 83353K [0x00000000c0000000, 0x0000000100000000)
  region size 1024K, 15 young (15360K), 4 survivors (4096K)
 Metaspace       used 55256K, committed 56128K, reserved 1114112K
  class space    used 7696K, committed 8128K, reserved 1048576K
GC Heap History (20 events):
Event: 12.519 GC heap before
{Heap before GC invocations=13 (full 0):
 garbage-first heap   total 86016K, used 68145K [0x00000000c0000000, 0x0000000100000000)
  region size 1024K, 36 young (36864K), 3 survivors (3072K)
 Metaspace       used 48086K, committed 48768K, reserved 1114112K
  class space    used 6840K, committed 7168K, reserved 1048576K
}
Event: 12.528 GC heap after
{Heap after GC invocations=14 (full 0):
 garbage-first heap   total 86016K, used 36615K [0x00000000c0000000, 0x0000000100000000)
  region size 1024K, 5 young (5120K), 5 survivors (5120K)
 Metaspace       used 48086K, committed 48768K, reserved 1114112K
  class space    used 6840K, committed 7168K, reserved 1048576K
}
Event: 13.983 GC heap before
{Heap before GC invocations=14 (full 0):
 garbage-first heap   total 86016K, used 68359K [0x00000000c0000000, 0x0000000100000000)
  region size 1024K, 36 young (36864K), 5 survivors (5120K)
 Metaspace       used 49579K, committed 50304K, reserved 1114112K
  class space    used 7039K, committed 7360K, reserved 1048576K
}
Event: 13.992 GC heap after
{Heap after GC invocations=15 (full 0):
 garbage-first heap   total 86016K, used 39091K [0x00000000c0000000, 0x0000000100000000)
  region size 1024K, 5 young (5120K), 5 survivors (5120K)
 Metaspace       used 49579K, committed 50304K, reserved 1114112K
  class space    used 7039K, committed 7360K, reserved 1048576K
}
Event: 28.181 GC heap before
{Heap before GC invocations=15 (full 0):
 garbage-first heap   total 86016K, used 68787K [0x00000000c0000000, 0x0000000100000000)
  region size 1024K, 34 young (34816K), 5 survivors (5120K)
 Metaspace       used 51999K, committed 52736K, reserved 1114112K
  class space    used 7319K, committed 7680K, reserved 1048576K
}
Event: 28.188 GC heap after
{Heap after GC invocations=16 (full 0):
 garbage-first heap   total 86016K, used 43842K [0x00000000c0000000, 0x0000000100000000)
  region size 1024K, 5 young (5120K), 5 survivors (5120K)
 Metaspace       used 51999K, committed 52736K, reserved 1114112K
  class space    used 7319K, committed 7680K, reserved 1048576K
}
Event: 28.397 GC heap before
{Heap before GC invocations=16 (full 0):
 garbage-first heap   total 86016K, used 67394K [0x00000000c0000000, 0x0000000100000000)
  region size 1024K, 28 young (28672K), 5 survivors (5120K)
 Metaspace       used 52010K, committed 52736K, reserved 1114112K
  class space    used 7319K, committed 7680K, reserved 1048576K
}
Event: 28.412 GC heap after
{Heap after GC invocations=17 (full 0):
 garbage-first heap   total 86016K, used 51197K [0x00000000c0000000, 0x0000000100000000)
  region size 1024K, 4 young (4096K), 4 survivors (4096K)
 Metaspace       used 52010K, committed 52736K, reserved 1114112K
  class space    used 7319K, committed 7680K, reserved 1048576K
}
Event: 28.790 GC heap before
{Heap before GC invocations=18 (full 0):
 garbage-first heap   total 89088K, used 62461K [0x00000000c0000000, 0x0000000100000000)
  region size 1024K, 16 young (16384K), 4 survivors (4096K)
 Metaspace       used 51988K, committed 52736K, reserved 1114112K
  class space    used 7314K, committed 7680K, reserved 1048576K
}
Event: 28.800 GC heap after
{Heap after GC invocations=19 (full 0):
 garbage-first heap   total 89088K, used 55628K [0x00000000c0000000, 0x0000000100000000)
  region size 1024K, 3 young (3072K), 3 survivors (3072K)
 Metaspace       used 51988K, committed 52736K, reserved 1114112K
  class space    used 7314K, committed 7680K, reserved 1048576K
}
Event: 28.975 GC heap before
{Heap before GC invocations=20 (full 0):
 garbage-first heap   total 106496K, used 70988K [0x00000000c0000000, 0x0000000100000000)
  region size 1024K, 17 young (17408K), 3 survivors (3072K)
 Metaspace       used 51991K, committed 52736K, reserved 1114112K
  class space    used 7315K, committed 7680K, reserved 1048576K
}
Event: 28.986 GC heap after
{Heap after GC invocations=21 (full 0):
 garbage-first heap   total 106496K, used 61153K [0x00000000c0000000, 0x0000000100000000)
  region size 1024K, 3 young (3072K), 3 survivors (3072K)
 Metaspace       used 51991K, committed 52736K, reserved 1114112K
  class space    used 7315K, committed 7680K, reserved 1048576K
}
Event: 29.233 GC heap before
{Heap before GC invocations=21 (full 0):
 garbage-first heap   total 106496K, used 79585K [0x00000000c0000000, 0x0000000100000000)
  region size 1024K, 22 young (22528K), 3 survivors (3072K)
 Metaspace       used 52054K, committed 52800K, reserved 1114112K
  class space    used 7330K, committed 7680K, reserved 1048576K
}
Event: 29.246 GC heap after
{Heap after GC invocations=22 (full 0):
 garbage-first heap   total 106496K, used 70900K [0x00000000c0000000, 0x0000000100000000)
  region size 1024K, 3 young (3072K), 3 survivors (3072K)
 Metaspace       used 52054K, committed 52800K, reserved 1114112K
  class space    used 7330K, committed 7680K, reserved 1048576K
}
Event: 29.714 GC heap before
{Heap before GC invocations=23 (full 0):
 garbage-first heap   total 133120K, used 82164K [0x00000000c0000000, 0x0000000100000000)
  region size 1024K, 14 young (14336K), 3 survivors (3072K)
 Metaspace       used 52596K, committed 53376K, reserved 1114112K
  class space    used 7390K, committed 7744K, reserved 1048576K
}
Event: 29.726 GC heap after
{Heap after GC invocations=24 (full 0):
 garbage-first heap   total 133120K, used 70069K [0x00000000c0000000, 0x0000000100000000)
  region size 1024K, 1 young (1024K), 1 survivors (1024K)
 Metaspace       used 52596K, committed 53376K, reserved 1114112K
  class space    used 7390K, committed 7744K, reserved 1048576K
}
Event: 30.196 GC heap before
{Heap before GC invocations=24 (full 0):
 garbage-first heap   total 133120K, used 75189K [0x00000000c0000000, 0x0000000100000000)
  region size 1024K, 6 young (6144K), 1 survivors (1024K)
 Metaspace       used 53000K, committed 53760K, reserved 1114112K
  class space    used 7438K, committed 7808K, reserved 1048576K
}
Event: 30.199 GC heap after
{Heap after GC invocations=25 (full 0):
 garbage-first heap   total 133120K, used 69925K [0x00000000c0000000, 0x0000000100000000)
  region size 1024K, 1 young (1024K), 1 survivors (1024K)
 Metaspace       used 53000K, committed 53760K, reserved 1114112K
  class space    used 7438K, committed 7808K, reserved 1048576K
}
Event: 30.780 GC heap before
{Heap before GC invocations=25 (full 0):
 garbage-first heap   total 133120K, used 99621K [0x00000000c0000000, 0x0000000100000000)
  region size 1024K, 30 young (30720K), 1 survivors (1024K)
 Metaspace       used 54960K, committed 55744K, reserved 1114112K
  class space    used 7674K, committed 8064K, reserved 1048576K
}
Event: 30.784 GC heap after
{Heap after GC invocations=26 (full 0):
 garbage-first heap   total 133120K, used 73113K [0x00000000c0000000, 0x0000000100000000)
  region size 1024K, 4 young (4096K), 4 survivors (4096K)
 Metaspace       used 54960K, committed 55744K, reserved 1114112K
  class space    used 7674K, committed 8064K, reserved 1048576K
}

